{"/Users/zachbrown/Documents/Futureproof/LAP1/project/LAP1-Project/server/server.js": {"path":"/Users/zachbrown/Documents/Futureproof/LAP1/project/LAP1-Project/server/server.js","statementMap":{"0":{"start":{"line":1,"column":16},"end":{"line":1,"column":34}},"1":{"start":{"line":2,"column":12},"end":{"line":2,"column":21}},"2":{"start":{"line":3,"column":13},"end":{"line":3,"column":28}},"3":{"start":{"line":4,"column":0},"end":{"line":4,"column":16}},"4":{"start":{"line":5,"column":0},"end":{"line":5,"column":23}},"5":{"start":{"line":6,"column":14},"end":{"line":6,"column":35}},"6":{"start":{"line":7,"column":17},"end":{"line":7,"column":43}},"7":{"start":{"line":8,"column":11},"end":{"line":8,"column":24}},"8":{"start":{"line":10,"column":24},"end":{"line":10,"column":42}},"9":{"start":{"line":11,"column":20},"end":{"line":11,"column":38}},"10":{"start":{"line":15,"column":0},"end":{"line":22,"column":3}},"11":{"start":{"line":16,"column":4},"end":{"line":16,"column":53}},"12":{"start":{"line":17,"column":4},"end":{"line":20,"column":6}},"13":{"start":{"line":21,"column":4},"end":{"line":21,"column":10}},"14":{"start":{"line":24,"column":0},"end":{"line":26,"column":2}},"15":{"start":{"line":25,"column":4},"end":{"line":25,"column":34}},"16":{"start":{"line":29,"column":0},"end":{"line":31,"column":2}},"17":{"start":{"line":30,"column":4},"end":{"line":30,"column":35}},"18":{"start":{"line":34,"column":0},"end":{"line":43,"column":2}},"19":{"start":{"line":35,"column":4},"end":{"line":35,"column":40}},"20":{"start":{"line":36,"column":4},"end":{"line":36,"column":52}},"21":{"start":{"line":37,"column":4},"end":{"line":37,"column":44}},"22":{"start":{"line":38,"column":4},"end":{"line":38,"column":48}},"23":{"start":{"line":39,"column":4},"end":{"line":41,"column":6}},"24":{"start":{"line":40,"column":8},"end":{"line":40,"column":32}},"25":{"start":{"line":40,"column":19},"end":{"line":40,"column":32}},"26":{"start":{"line":40,"column":33},"end":{"line":40,"column":58}},"27":{"start":{"line":42,"column":4},"end":{"line":42,"column":71}},"28":{"start":{"line":45,"column":0},"end":{"line":72,"column":2}},"29":{"start":{"line":46,"column":4},"end":{"line":46,"column":33}},"30":{"start":{"line":47,"column":4},"end":{"line":47,"column":40}},"31":{"start":{"line":48,"column":4},"end":{"line":48,"column":49}},"32":{"start":{"line":49,"column":4},"end":{"line":49,"column":44}},"33":{"start":{"line":51,"column":4},"end":{"line":67,"column":5}},"34":{"start":{"line":53,"column":12},"end":{"line":53,"column":68}},"35":{"start":{"line":54,"column":12},"end":{"line":54,"column":22}},"36":{"start":{"line":55,"column":12},"end":{"line":55,"column":59}},"37":{"start":{"line":56,"column":12},"end":{"line":56,"column":18}},"38":{"start":{"line":58,"column":12},"end":{"line":58,"column":70}},"39":{"start":{"line":59,"column":12},"end":{"line":59,"column":22}},"40":{"start":{"line":60,"column":12},"end":{"line":60,"column":61}},"41":{"start":{"line":61,"column":12},"end":{"line":61,"column":18}},"42":{"start":{"line":63,"column":12},"end":{"line":63,"column":64}},"43":{"start":{"line":64,"column":12},"end":{"line":64,"column":22}},"44":{"start":{"line":65,"column":12},"end":{"line":65,"column":55}},"45":{"start":{"line":66,"column":12},"end":{"line":66,"column":18}},"46":{"start":{"line":68,"column":4},"end":{"line":70,"column":6}},"47":{"start":{"line":69,"column":8},"end":{"line":69,"column":32}},"48":{"start":{"line":69,"column":19},"end":{"line":69,"column":32}},"49":{"start":{"line":69,"column":33},"end":{"line":69,"column":58}},"50":{"start":{"line":71,"column":4},"end":{"line":71,"column":55}},"51":{"start":{"line":75,"column":0},"end":{"line":95,"column":2}},"52":{"start":{"line":76,"column":15},"end":{"line":76,"column":28}},"53":{"start":{"line":77,"column":20},"end":{"line":77,"column":44}},"54":{"start":{"line":78,"column":16},"end":{"line":78,"column":26}},"55":{"start":{"line":79,"column":4},"end":{"line":79,"column":23}},"56":{"start":{"line":81,"column":21},"end":{"line":88,"column":5}},"57":{"start":{"line":89,"column":4},"end":{"line":89,"column":39}},"58":{"start":{"line":90,"column":4},"end":{"line":92,"column":6}},"59":{"start":{"line":91,"column":8},"end":{"line":91,"column":32}},"60":{"start":{"line":91,"column":19},"end":{"line":91,"column":32}},"61":{"start":{"line":91,"column":33},"end":{"line":91,"column":58}},"62":{"start":{"line":93,"column":4},"end":{"line":93,"column":59}},"63":{"start":{"line":97,"column":0},"end":{"line":97,"column":21}}},"fnMap":{"0":{"name":"(anonymous_0)","decl":{"start":{"line":15,"column":8},"end":{"line":15,"column":9}},"loc":{"start":{"line":15,"column":28},"end":{"line":22,"column":1}},"line":15},"1":{"name":"(anonymous_1)","decl":{"start":{"line":24,"column":13},"end":{"line":24,"column":14}},"loc":{"start":{"line":24,"column":27},"end":{"line":26,"column":1}},"line":24},"2":{"name":"(anonymous_2)","decl":{"start":{"line":29,"column":19},"end":{"line":29,"column":20}},"loc":{"start":{"line":29,"column":33},"end":{"line":31,"column":1}},"line":29},"3":{"name":"(anonymous_3)","decl":{"start":{"line":34,"column":21},"end":{"line":34,"column":22}},"loc":{"start":{"line":34,"column":33},"end":{"line":43,"column":1}},"line":34},"4":{"name":"(anonymous_4)","decl":{"start":{"line":39,"column":62},"end":{"line":39,"column":63}},"loc":{"start":{"line":39,"column":72},"end":{"line":41,"column":5}},"line":39},"5":{"name":"(anonymous_5)","decl":{"start":{"line":45,"column":19},"end":{"line":45,"column":20}},"loc":{"start":{"line":45,"column":32},"end":{"line":72,"column":1}},"line":45},"6":{"name":"(anonymous_6)","decl":{"start":{"line":68,"column":62},"end":{"line":68,"column":63}},"loc":{"start":{"line":68,"column":72},"end":{"line":70,"column":5}},"line":68},"7":{"name":"(anonymous_7)","decl":{"start":{"line":75,"column":21},"end":{"line":75,"column":22}},"loc":{"start":{"line":75,"column":35},"end":{"line":95,"column":1}},"line":75},"8":{"name":"(anonymous_8)","decl":{"start":{"line":90,"column":62},"end":{"line":90,"column":63}},"loc":{"start":{"line":90,"column":72},"end":{"line":92,"column":5}},"line":90}},"branchMap":{"0":{"loc":{"start":{"line":40,"column":8},"end":{"line":40,"column":32}},"type":"if","locations":[{"start":{"line":40,"column":8},"end":{"line":40,"column":32}},{"start":{"line":40,"column":8},"end":{"line":40,"column":32}}],"line":40},"1":{"loc":{"start":{"line":51,"column":4},"end":{"line":67,"column":5}},"type":"switch","locations":[{"start":{"line":52,"column":8},"end":{"line":56,"column":18}},{"start":{"line":57,"column":8},"end":{"line":61,"column":18}},{"start":{"line":62,"column":8},"end":{"line":66,"column":18}}],"line":51},"2":{"loc":{"start":{"line":69,"column":8},"end":{"line":69,"column":32}},"type":"if","locations":[{"start":{"line":69,"column":8},"end":{"line":69,"column":32}},{"start":{"line":69,"column":8},"end":{"line":69,"column":32}}],"line":69},"3":{"loc":{"start":{"line":91,"column":8},"end":{"line":91,"column":32}},"type":"if","locations":[{"start":{"line":91,"column":8},"end":{"line":91,"column":32}},{"start":{"line":91,"column":8},"end":{"line":91,"column":32}}],"line":91}},"s":{"0":2,"1":2,"2":2,"3":2,"4":2,"5":2,"6":2,"7":2,"8":2,"9":2,"10":2,"11":5,"12":5,"13":5,"14":2,"15":1,"16":2,"17":1,"18":2,"19":1,"20":1,"21":1,"22":1,"23":1,"24":1,"25":0,"26":1,"27":1,"28":2,"29":1,"30":1,"31":1,"32":1,"33":1,"34":1,"35":1,"36":1,"37":1,"38":0,"39":0,"40":0,"41":0,"42":0,"43":0,"44":0,"45":0,"46":1,"47":0,"48":0,"49":0,"50":1,"51":2,"52":1,"53":1,"54":1,"55":1,"56":1,"57":1,"58":1,"59":1,"60":0,"61":1,"62":1,"63":2},"f":{"0":5,"1":1,"2":1,"3":1,"4":1,"5":1,"6":0,"7":1,"8":1},"b":{"0":[0,1],"1":[1,0,0],"2":[0,0],"3":[0,1]},"_coverageSchema":"1a1c01bbd47fc00a2c39e90264f33305004495a9","hash":"c87a701331cad19054089b9d46fb405f1e27cdf7"}
}
