TN:
SF:server.js
FN:15,(anonymous_0)
FN:24,(anonymous_1)
FN:29,(anonymous_2)
FN:34,(anonymous_3)
FN:39,(anonymous_4)
FN:45,(anonymous_5)
FN:68,(anonymous_6)
FN:75,(anonymous_7)
FN:90,(anonymous_8)
FNF:9
FNH:9
FNDA:7,(anonymous_0)
FNDA:1,(anonymous_1)
FNDA:1,(anonymous_2)
FNDA:1,(anonymous_3)
FNDA:1,(anonymous_4)
FNDA:3,(anonymous_5)
FNDA:2,(anonymous_6)
FNDA:1,(anonymous_7)
FNDA:1,(anonymous_8)
DA:1,2
DA:2,2
DA:3,2
DA:4,2
DA:5,2
DA:6,2
DA:7,2
DA:8,2
DA:10,2
DA:11,2
DA:15,2
DA:16,7
DA:17,7
DA:21,7
DA:24,2
DA:25,1
DA:29,2
DA:30,1
DA:34,2
DA:35,1
DA:36,1
DA:37,1
DA:38,1
DA:39,1
DA:40,1
DA:42,1
DA:45,2
DA:46,3
DA:47,3
DA:48,3
DA:49,3
DA:51,3
DA:53,1
DA:54,1
DA:55,1
DA:56,1
DA:58,1
DA:59,1
DA:60,1
DA:61,1
DA:63,1
DA:64,1
DA:65,1
DA:66,1
DA:68,3
DA:69,2
DA:71,3
DA:75,2
DA:76,1
DA:77,1
DA:78,1
DA:79,1
DA:81,1
DA:89,1
DA:90,1
DA:91,1
DA:93,1
DA:97,2
LF:58
LH:58
BRDA:40,0,0,0
BRDA:40,0,1,1
BRDA:51,1,0,1
BRDA:51,1,1,1
BRDA:51,1,2,1
BRDA:69,2,0,0
BRDA:69,2,1,2
BRDA:91,3,0,0
BRDA:91,3,1,1
BRF:9
BRH:6
end_of_record
